app/build/intermediates/manifest_merge_blame_file/debug/processDebugMainManifest/manifest-merger-blame-debug-report.txt
1<?xml version="1.0" encoding="utf-8"?>
2<manifest xmlns:android="http://schemas.android.com/apk/res/android"
3    package="com.example.ads.myapplication"
4    android:versionCode="1"
5    android:versionName="1.0" >
6
7    <uses-sdk
8        android:minSdkVersion="24"
9        android:targetSdkVersion="34" />
10
11    <uses-permission android:name="android.permission.INTERNET" />
11-->[:RemoteAdsSdk] AndroidManifest.xml:8:5-67
11-->[:RemoteAdsSdk] AndroidManifest.xml:8:22-64
12    <uses-permission android:name="android.permission.ACCESS_WIFI_STATE" />
12-->[:RemoteAdsSdk] AndroidManifest.xml:9:5-76
12-->[:RemoteAdsSdk] AndroidManifest.xml:9:22-73
13    <uses-permission android:name="android.permission.ACCESS_NETWORK_STATE" />
13-->[:RemoteAdsSdk] AndroidManifest.xml:10:5-79
13-->[:RemoteAdsSdk] AndroidManifest.xml:10:22-76
14    <uses-permission android:name="android.permission.CHANGE_NETWORK_STATE" />
14-->[:RemoteAdsSdk] AndroidManifest.xml:11:5-79
14-->[:RemoteAdsSdk] AndroidManifest.xml:11:22-76
15    <uses-permission android:name="android.permission.WAKE_LOCK" />
15-->[:RemoteAdsSdk] AndroidManifest.xml:12:5-68
15-->[:RemoteAdsSdk] AndroidManifest.xml:12:22-65
16    <uses-permission android:name="com.google.android.gms.permission.AD_ID" />
16-->[:RemoteAdsSdk] AndroidManifest.xml:13:5-79
16-->[:RemoteAdsSdk] AndroidManifest.xml:13:22-76
17    <uses-permission android:name="android.permission.ACCESS_ADSERVICES_ATTRIBUTION" />
17-->[com.google.android.gms:play-services-measurement-api:22.0.0] AndroidManifest.xml:26:5-88
17-->[com.google.android.gms:play-services-measurement-api:22.0.0] AndroidManifest.xml:26:22-85
18    <uses-permission android:name="android.permission.ACCESS_ADSERVICES_AD_ID" />
18-->[com.google.android.gms:play-services-measurement-api:22.0.0] AndroidManifest.xml:27:5-82
18-->[com.google.android.gms:play-services-measurement-api:22.0.0] AndroidManifest.xml:27:22-79
19    <uses-permission android:name="android.permission.ACCESS_ADSERVICES_TOPICS" /> <!-- Android package visibility setting -->
19-->[com.google.android.gms:play-services-ads-lite:23.1.0] AndroidManifest.xml:29:5-83
19-->[com.google.android.gms:play-services-ads-lite:23.1.0] AndroidManifest.xml:29:22-80
20    <queries>
20-->[com.google.android.gms:play-services-ads-lite:23.1.0] AndroidManifest.xml:35:5-51:15
21
22        <!-- For browser content -->
23        <intent>
23-->[com.google.android.gms:play-services-ads-lite:23.1.0] AndroidManifest.xml:38:9-44:18
24            <action android:name="android.intent.action.VIEW" />
24-->[com.google.android.gms:play-services-ads-lite:23.1.0] AndroidManifest.xml:39:13-65
24-->[com.google.android.gms:play-services-ads-lite:23.1.0] AndroidManifest.xml:39:21-62
25
26            <category android:name="android.intent.category.BROWSABLE" />
26-->[com.google.android.gms:play-services-ads-lite:23.1.0] AndroidManifest.xml:41:13-74
26-->[com.google.android.gms:play-services-ads-lite:23.1.0] AndroidManifest.xml:41:23-71
27
28            <data android:scheme="https" />
28-->[com.google.android.gms:play-services-ads-lite:23.1.0] AndroidManifest.xml:43:13-44
28-->[com.google.android.gms:play-services-ads-lite:23.1.0] AndroidManifest.xml:43:19-41
29        </intent>
30        <!-- End of browser content -->
31        <!-- For CustomTabsService -->
32        <intent>
32-->[com.google.android.gms:play-services-ads-lite:23.1.0] AndroidManifest.xml:47:9-49:18
33            <action android:name="android.support.customtabs.action.CustomTabsService" />
33-->[com.google.android.gms:play-services-ads-lite:23.1.0] AndroidManifest.xml:48:13-90
33-->[com.google.android.gms:play-services-ads-lite:23.1.0] AndroidManifest.xml:48:21-87
34        </intent>
35        <!-- End of CustomTabsService -->
36    </queries>
37
38    <uses-permission android:name="com.google.android.finsky.permission.BIND_GET_INSTALL_REFERRER_SERVICE" />
38-->[com.google.android.gms:play-services-measurement:22.0.0] AndroidManifest.xml:26:5-110
38-->[com.google.android.gms:play-services-measurement:22.0.0] AndroidManifest.xml:26:22-107
39    <uses-permission android:name="android.permission.FOREGROUND_SERVICE" />
39-->[androidx.work:work-runtime:2.7.0] AndroidManifest.xml:28:5-77
39-->[androidx.work:work-runtime:2.7.0] AndroidManifest.xml:28:22-74
40
41    <permission
41-->[androidx.core:core:1.13.1] AndroidManifest.xml:22:5-24:47
42        android:name="com.example.ads.myapplication.DYNAMIC_RECEIVER_NOT_EXPORTED_PERMISSION"
42-->[androidx.core:core:1.13.1] AndroidManifest.xml:23:9-81
43        android:protectionLevel="signature" />
43-->[androidx.core:core:1.13.1] AndroidManifest.xml:24:9-44
44
45    <uses-permission android:name="com.example.ads.myapplication.DYNAMIC_RECEIVER_NOT_EXPORTED_PERMISSION" />
45-->[androidx.core:core:1.13.1] AndroidManifest.xml:26:5-97
45-->[androidx.core:core:1.13.1] AndroidManifest.xml:26:22-94
46
47    <application
47-->src\main\AndroidManifest.xml:5:5-31:19
48        android:name="com.custom.ads.sdk.AdsApplication"
48-->src\main\AndroidManifest.xml:6:9-57
49        android:allowBackup="true"
49-->src\main\AndroidManifest.xml:7:9-35
50        android:appComponentFactory="androidx.core.app.CoreComponentFactory"
50-->[androidx.core:core:1.13.1] AndroidManifest.xml:28:18-86
51        android:dataExtractionRules="@xml/data_extraction_rules"
51-->src\main\AndroidManifest.xml:8:9-65
52        android:debuggable="true"
53        android:extractNativeLibs="false"
54        android:fullBackupContent="@xml/backup_rules"
54-->src\main\AndroidManifest.xml:9:9-54
55        android:hardwareAccelerated="true"
55-->[:RemoteAdsSdk] AndroidManifest.xml:19:9-43
56        android:icon="@mipmap/ic_launcher"
56-->src\main\AndroidManifest.xml:10:9-43
57        android:label="@string/app_name"
57-->src\main\AndroidManifest.xml:11:9-41
58        android:largeHeap="true"
58-->[:RemoteAdsSdk] AndroidManifest.xml:20:9-33
59        android:requestLegacyExternalStorage="true"
59-->[:RemoteAdsSdk] AndroidManifest.xml:21:9-52
60        android:roundIcon="@mipmap/ic_launcher_round"
60-->src\main\AndroidManifest.xml:12:9-54
61        android:supportsRtl="true"
61-->src\main\AndroidManifest.xml:13:9-35
62        android:testOnly="true"
63        android:theme="@style/Theme.MyApplication"
63-->src\main\AndroidManifest.xml:14:9-51
64        android:usesCleartextTraffic="true" >
64-->[:RemoteAdsSdk] AndroidManifest.xml:23:9-44
65        <activity
65-->src\main\AndroidManifest.xml:16:9-18:40
66            android:name="com.example.ads.myapplication.MainActivity3"
66-->src\main\AndroidManifest.xml:17:13-42
67            android:exported="false" />
67-->src\main\AndroidManifest.xml:18:13-37
68        <activity
68-->src\main\AndroidManifest.xml:19:9-21:40
69            android:name="com.example.ads.myapplication.MainActivity2"
69-->src\main\AndroidManifest.xml:20:13-42
70            android:exported="false" />
70-->src\main\AndroidManifest.xml:21:13-37
71        <activity
71-->src\main\AndroidManifest.xml:22:9-30:20
72            android:name="com.example.ads.myapplication.MainActivity"
72-->src\main\AndroidManifest.xml:23:13-41
73            android:exported="true" >
73-->src\main\AndroidManifest.xml:24:13-36
74            <intent-filter>
74-->src\main\AndroidManifest.xml:25:13-29:29
75                <action android:name="android.intent.action.MAIN" />
75-->src\main\AndroidManifest.xml:26:17-69
75-->src\main\AndroidManifest.xml:26:25-66
76
77                <category android:name="android.intent.category.LAUNCHER" />
77-->src\main\AndroidManifest.xml:28:17-77
77-->src\main\AndroidManifest.xml:28:27-74
78            </intent-filter>
79        </activity>
80        <activity
80-->[:RemoteAdsSdk] AndroidManifest.xml:25:9-28:52
81            android:name="com.custom.ads.sdk.CrossAdInterstitial"
81-->[:RemoteAdsSdk] AndroidManifest.xml:26:13-66
82            android:exported="false"
82-->[:RemoteAdsSdk] AndroidManifest.xml:27:13-37
83            android:screenOrientation="portrait" />
83-->[:RemoteAdsSdk] AndroidManifest.xml:28:13-49
84        <activity
84-->[:RemoteAdsSdk] AndroidManifest.xml:29:9-32:52
85            android:name="com.custom.ads.sdk.BaseSplashAdsActivity"
85-->[:RemoteAdsSdk] AndroidManifest.xml:30:13-68
86            android:exported="true"
86-->[:RemoteAdsSdk] AndroidManifest.xml:31:13-36
87            android:screenOrientation="portrait" />
87-->[:RemoteAdsSdk] AndroidManifest.xml:32:13-49
88
89        <property
89-->[:RemoteAdsSdk] AndroidManifest.xml:34:9-37:48
90            android:name="android.adservices.AD_SERVICES_CONFIG"
90-->[:RemoteAdsSdk] AndroidManifest.xml:35:13-65
91            android:resource="@xml/gma_ad_services_config" />
91-->[:RemoteAdsSdk] AndroidManifest.xml:36:13-59
92
93        <meta-data
93-->[:RemoteAdsSdk] AndroidManifest.xml:39:9-41:70
94            android:name="com.google.android.gms.ads.APPLICATION_ID"
94-->[:RemoteAdsSdk] AndroidManifest.xml:40:13-69
95            android:value="ca-app-pub-3940256099942544~3347511713" />
95-->[:RemoteAdsSdk] AndroidManifest.xml:41:13-67
96
97        <service
97-->[com.google.firebase:firebase-firestore:25.0.0] AndroidManifest.xml:14:9-23:19
98            android:name="com.google.firebase.components.ComponentDiscoveryService"
98-->[com.google.firebase:firebase-firestore:25.0.0] AndroidManifest.xml:15:13-84
99            android:directBootAware="true"
99-->[com.google.firebase:firebase-common:21.0.0] AndroidManifest.xml:32:13-43
100            android:exported="false" >
100-->[com.google.firebase:firebase-firestore:25.0.0] AndroidManifest.xml:16:13-37
101            <meta-data
101-->[com.google.firebase:firebase-firestore:25.0.0] AndroidManifest.xml:17:13-19:85
102                android:name="com.google.firebase.components:com.google.firebase.firestore.FirebaseFirestoreKtxRegistrar"
102-->[com.google.firebase:firebase-firestore:25.0.0] AndroidManifest.xml:18:17-122
103                android:value="com.google.firebase.components.ComponentRegistrar" />
103-->[com.google.firebase:firebase-firestore:25.0.0] AndroidManifest.xml:19:17-82
104            <meta-data
104-->[com.google.firebase:firebase-firestore:25.0.0] AndroidManifest.xml:20:13-22:85
105                android:name="com.google.firebase.components:com.google.firebase.firestore.FirestoreRegistrar"
105-->[com.google.firebase:firebase-firestore:25.0.0] AndroidManifest.xml:21:17-111
106                android:value="com.google.firebase.components.ComponentRegistrar" />
106-->[com.google.firebase:firebase-firestore:25.0.0] AndroidManifest.xml:22:17-82
107            <meta-data
107-->[com.google.firebase:firebase-config:22.0.0] AndroidManifest.xml:29:13-31:85
108                android:name="com.google.firebase.components:com.google.firebase.remoteconfig.FirebaseRemoteConfigKtxRegistrar"
108-->[com.google.firebase:firebase-config:22.0.0] AndroidManifest.xml:30:17-128
109                android:value="com.google.firebase.components.ComponentRegistrar" />
109-->[com.google.firebase:firebase-config:22.0.0] AndroidManifest.xml:31:17-82
110            <meta-data
110-->[com.google.firebase:firebase-config:22.0.0] AndroidManifest.xml:32:13-34:85
111                android:name="com.google.firebase.components:com.google.firebase.remoteconfig.RemoteConfigRegistrar"
111-->[com.google.firebase:firebase-config:22.0.0] AndroidManifest.xml:33:17-117
112                android:value="com.google.firebase.components.ComponentRegistrar" />
112-->[com.google.firebase:firebase-config:22.0.0] AndroidManifest.xml:34:17-82
113            <meta-data
113-->[com.google.android.gms:play-services-measurement-api:22.0.0] AndroidManifest.xml:37:13-39:85
114                android:name="com.google.firebase.components:com.google.firebase.analytics.connector.internal.AnalyticsConnectorRegistrar"
114-->[com.google.android.gms:play-services-measurement-api:22.0.0] AndroidManifest.xml:38:17-139
115                android:value="com.google.firebase.components.ComponentRegistrar" />
115-->[com.google.android.gms:play-services-measurement-api:22.0.0] AndroidManifest.xml:39:17-82
116            <meta-data
116-->[com.google.firebase:firebase-installations:18.0.0] AndroidManifest.xml:15:13-17:85
117                android:name="com.google.firebase.components:com.google.firebase.installations.FirebaseInstallationsKtxRegistrar"
117-->[com.google.firebase:firebase-installations:18.0.0] AndroidManifest.xml:16:17-130
118                android:value="com.google.firebase.components.ComponentRegistrar" />
118-->[com.google.firebase:firebase-installations:18.0.0] AndroidManifest.xml:17:17-82
119            <meta-data
119-->[com.google.firebase:firebase-installations:18.0.0] AndroidManifest.xml:18:13-20:85
120                android:name="com.google.firebase.components:com.google.firebase.installations.FirebaseInstallationsRegistrar"
120-->[com.google.firebase:firebase-installations:18.0.0] AndroidManifest.xml:19:17-127
121                android:value="com.google.firebase.components.ComponentRegistrar" />
121-->[com.google.firebase:firebase-installations:18.0.0] AndroidManifest.xml:20:17-82
122            <meta-data
122-->[com.google.firebase:firebase-common-ktx:21.0.0] AndroidManifest.xml:12:13-14:85
123                android:name="com.google.firebase.components:com.google.firebase.ktx.FirebaseCommonLegacyRegistrar"
123-->[com.google.firebase:firebase-common-ktx:21.0.0] AndroidManifest.xml:13:17-116
124                android:value="com.google.firebase.components.ComponentRegistrar" />
124-->[com.google.firebase:firebase-common-ktx:21.0.0] AndroidManifest.xml:14:17-82
125            <meta-data
125-->[com.google.firebase:firebase-common:21.0.0] AndroidManifest.xml:35:13-37:85
126                android:name="com.google.firebase.components:com.google.firebase.FirebaseCommonKtxRegistrar"
126-->[com.google.firebase:firebase-common:21.0.0] AndroidManifest.xml:36:17-109
127                android:value="com.google.firebase.components.ComponentRegistrar" />
127-->[com.google.firebase:firebase-common:21.0.0] AndroidManifest.xml:37:17-82
128            <meta-data
128-->[com.google.firebase:firebase-abt:21.1.1] AndroidManifest.xml:12:13-14:85
129                android:name="com.google.firebase.components:com.google.firebase.abt.component.AbtRegistrar"
129-->[com.google.firebase:firebase-abt:21.1.1] AndroidManifest.xml:13:17-109
130                android:value="com.google.firebase.components.ComponentRegistrar" />
130-->[com.google.firebase:firebase-abt:21.1.1] AndroidManifest.xml:14:17-82
131        </service> <!-- Include the AdActivity and InAppPurchaseActivity configChanges and themes. -->
132        <activity
132-->[com.google.android.gms:play-services-ads-lite:23.1.0] AndroidManifest.xml:56:9-61:43
133            android:name="com.google.android.gms.ads.AdActivity"
133-->[com.google.android.gms:play-services-ads-lite:23.1.0] AndroidManifest.xml:57:13-65
134            android:configChanges="keyboard|keyboardHidden|orientation|screenLayout|uiMode|screenSize|smallestScreenSize"
134-->[com.google.android.gms:play-services-ads-lite:23.1.0] AndroidManifest.xml:58:13-122
135            android:exported="false"
135-->[com.google.android.gms:play-services-ads-lite:23.1.0] AndroidManifest.xml:59:13-37
136            android:theme="@android:style/Theme.Translucent" />
136-->[com.google.android.gms:play-services-ads-lite:23.1.0] AndroidManifest.xml:60:13-61
137
138        <provider
138-->[com.google.android.gms:play-services-ads-lite:23.1.0] AndroidManifest.xml:63:9-68:43
139            android:name="com.google.android.gms.ads.MobileAdsInitProvider"
139-->[com.google.android.gms:play-services-ads-lite:23.1.0] AndroidManifest.xml:64:13-76
140            android:authorities="com.example.ads.myapplication.mobileadsinitprovider"
140-->[com.google.android.gms:play-services-ads-lite:23.1.0] AndroidManifest.xml:65:13-73
141            android:exported="false"
141-->[com.google.android.gms:play-services-ads-lite:23.1.0] AndroidManifest.xml:66:13-37
142            android:initOrder="100" />
142-->[com.google.android.gms:play-services-ads-lite:23.1.0] AndroidManifest.xml:67:13-36
143
144        <service
144-->[com.google.android.gms:play-services-ads-lite:23.1.0] AndroidManifest.xml:70:9-74:43
145            android:name="com.google.android.gms.ads.AdService"
145-->[com.google.android.gms:play-services-ads-lite:23.1.0] AndroidManifest.xml:71:13-64
146            android:enabled="true"
146-->[com.google.android.gms:play-services-ads-lite:23.1.0] AndroidManifest.xml:72:13-35
147            android:exported="false" />
147-->[com.google.android.gms:play-services-ads-lite:23.1.0] AndroidManifest.xml:73:13-37
148
149        <activity
149-->[com.google.android.gms:play-services-ads-lite:23.1.0] AndroidManifest.xml:76:9-80:43
150            android:name="com.google.android.gms.ads.OutOfContextTestingActivity"
150-->[com.google.android.gms:play-services-ads-lite:23.1.0] AndroidManifest.xml:77:13-82
151            android:configChanges="keyboard|keyboardHidden|orientation|screenLayout|uiMode|screenSize|smallestScreenSize"
151-->[com.google.android.gms:play-services-ads-lite:23.1.0] AndroidManifest.xml:78:13-122
152            android:exported="false" />
152-->[com.google.android.gms:play-services-ads-lite:23.1.0] AndroidManifest.xml:79:13-37
153        <activity
153-->[com.google.android.gms:play-services-ads-lite:23.1.0] AndroidManifest.xml:81:9-88:43
154            android:name="com.google.android.gms.ads.NotificationHandlerActivity"
154-->[com.google.android.gms:play-services-ads-lite:23.1.0] AndroidManifest.xml:82:13-82
155            android:excludeFromRecents="true"
155-->[com.google.android.gms:play-services-ads-lite:23.1.0] AndroidManifest.xml:83:13-46
156            android:exported="false"
156-->[com.google.android.gms:play-services-ads-lite:23.1.0] AndroidManifest.xml:84:13-37
157            android:launchMode="singleTask"
157-->[com.google.android.gms:play-services-ads-lite:23.1.0] AndroidManifest.xml:85:13-44
158            android:taskAffinity=""
158-->[com.google.android.gms:play-services-ads-lite:23.1.0] AndroidManifest.xml:86:13-36
159            android:theme="@android:style/Theme.Translucent.NoTitleBar" />
159-->[com.google.android.gms:play-services-ads-lite:23.1.0] AndroidManifest.xml:87:13-72
160
161        <receiver
161-->[com.google.android.gms:play-services-measurement:22.0.0] AndroidManifest.xml:29:9-33:20
162            android:name="com.google.android.gms.measurement.AppMeasurementReceiver"
162-->[com.google.android.gms:play-services-measurement:22.0.0] AndroidManifest.xml:30:13-85
163            android:enabled="true"
163-->[com.google.android.gms:play-services-measurement:22.0.0] AndroidManifest.xml:31:13-35
164            android:exported="false" >
164-->[com.google.android.gms:play-services-measurement:22.0.0] AndroidManifest.xml:32:13-37
165        </receiver>
166
167        <service
167-->[com.google.android.gms:play-services-measurement:22.0.0] AndroidManifest.xml:35:9-38:40
168            android:name="com.google.android.gms.measurement.AppMeasurementService"
168-->[com.google.android.gms:play-services-measurement:22.0.0] AndroidManifest.xml:36:13-84
169            android:enabled="true"
169-->[com.google.android.gms:play-services-measurement:22.0.0] AndroidManifest.xml:37:13-35
170            android:exported="false" />
170-->[com.google.android.gms:play-services-measurement:22.0.0] AndroidManifest.xml:38:13-37
171        <service
171-->[com.google.android.gms:play-services-measurement:22.0.0] AndroidManifest.xml:39:9-43:72
172            android:name="com.google.android.gms.measurement.AppMeasurementJobService"
172-->[com.google.android.gms:play-services-measurement:22.0.0] AndroidManifest.xml:40:13-87
173            android:enabled="true"
173-->[com.google.android.gms:play-services-measurement:22.0.0] AndroidManifest.xml:41:13-35
174            android:exported="false"
174-->[com.google.android.gms:play-services-measurement:22.0.0] AndroidManifest.xml:42:13-37
175            android:permission="android.permission.BIND_JOB_SERVICE" />
175-->[com.google.android.gms:play-services-measurement:22.0.0] AndroidManifest.xml:43:13-69
176
177        <activity
177-->[com.google.android.gms:play-services-base:18.0.1] AndroidManifest.xml:20:9-22:45
178            android:name="com.google.android.gms.common.api.GoogleApiActivity"
178-->[com.google.android.gms:play-services-base:18.0.1] AndroidManifest.xml:20:19-85
179            android:exported="false"
179-->[com.google.android.gms:play-services-base:18.0.1] AndroidManifest.xml:22:19-43
180            android:theme="@android:style/Theme.Translucent.NoTitleBar" />
180-->[com.google.android.gms:play-services-base:18.0.1] AndroidManifest.xml:21:19-78
181
182        <provider
182-->[com.google.firebase:firebase-common:21.0.0] AndroidManifest.xml:23:9-28:39
183            android:name="com.google.firebase.provider.FirebaseInitProvider"
183-->[com.google.firebase:firebase-common:21.0.0] AndroidManifest.xml:24:13-77
184            android:authorities="com.example.ads.myapplication.firebaseinitprovider"
184-->[com.google.firebase:firebase-common:21.0.0] AndroidManifest.xml:25:13-72
185            android:directBootAware="true"
185-->[com.google.firebase:firebase-common:21.0.0] AndroidManifest.xml:26:13-43
186            android:exported="false"
186-->[com.google.firebase:firebase-common:21.0.0] AndroidManifest.xml:27:13-37
187            android:initOrder="100" />
187-->[com.google.firebase:firebase-common:21.0.0] AndroidManifest.xml:28:13-36
188
189        <uses-library
189-->[androidx.privacysandbox.ads:ads-adservices:1.0.0-beta05] AndroidManifest.xml:23:9-25:40
190            android:name="android.ext.adservices"
190-->[androidx.privacysandbox.ads:ads-adservices:1.0.0-beta05] AndroidManifest.xml:24:13-50
191            android:required="false" />
191-->[androidx.privacysandbox.ads:ads-adservices:1.0.0-beta05] AndroidManifest.xml:25:13-37
192
193        <provider
193-->[androidx.emoji2:emoji2:1.2.0] AndroidManifest.xml:24:9-32:20
194            android:name="androidx.startup.InitializationProvider"
194-->[androidx.emoji2:emoji2:1.2.0] AndroidManifest.xml:25:13-67
195            android:authorities="com.example.ads.myapplication.androidx-startup"
195-->[androidx.emoji2:emoji2:1.2.0] AndroidManifest.xml:26:13-68
196            android:exported="false" >
196-->[androidx.emoji2:emoji2:1.2.0] AndroidManifest.xml:27:13-37
197            <meta-data
197-->[androidx.emoji2:emoji2:1.2.0] AndroidManifest.xml:29:13-31:52
198                android:name="androidx.emoji2.text.EmojiCompatInitializer"
198-->[androidx.emoji2:emoji2:1.2.0] AndroidManifest.xml:30:17-75
199                android:value="androidx.startup" />
199-->[androidx.emoji2:emoji2:1.2.0] AndroidManifest.xml:31:17-49
200            <meta-data
200-->[androidx.work:work-runtime:2.7.0] AndroidManifest.xml:36:13-38:52
201                android:name="androidx.work.WorkManagerInitializer"
201-->[androidx.work:work-runtime:2.7.0] AndroidManifest.xml:37:17-68
202                android:value="androidx.startup" />
202-->[androidx.work:work-runtime:2.7.0] AndroidManifest.xml:38:17-49
203            <meta-data
203-->[androidx.lifecycle:lifecycle-process:2.7.0] AndroidManifest.xml:29:13-31:52
204                android:name="androidx.lifecycle.ProcessLifecycleInitializer"
204-->[androidx.lifecycle:lifecycle-process:2.7.0] AndroidManifest.xml:30:17-78
205                android:value="androidx.startup" />
205-->[androidx.lifecycle:lifecycle-process:2.7.0] AndroidManifest.xml:31:17-49
206            <meta-data
206-->[androidx.profileinstaller:profileinstaller:1.3.1] AndroidManifest.xml:29:13-31:52
207                android:name="androidx.profileinstaller.ProfileInstallerInitializer"
207-->[androidx.profileinstaller:profileinstaller:1.3.1] AndroidManifest.xml:30:17-85
208                android:value="androidx.startup" />
208-->[androidx.profileinstaller:profileinstaller:1.3.1] AndroidManifest.xml:31:17-49
209        </provider>
210
211        <service
211-->[androidx.work:work-runtime:2.7.0] AndroidManifest.xml:41:9-46:35
212            android:name="androidx.work.impl.background.systemalarm.SystemAlarmService"
212-->[androidx.work:work-runtime:2.7.0] AndroidManifest.xml:42:13-88
213            android:directBootAware="false"
213-->[androidx.work:work-runtime:2.7.0] AndroidManifest.xml:43:13-44
214            android:enabled="@bool/enable_system_alarm_service_default"
214-->[androidx.work:work-runtime:2.7.0] AndroidManifest.xml:44:13-72
215            android:exported="false" />
215-->[androidx.work:work-runtime:2.7.0] AndroidManifest.xml:45:13-37
216        <service
216-->[androidx.work:work-runtime:2.7.0] AndroidManifest.xml:47:9-53:35
217            android:name="androidx.work.impl.background.systemjob.SystemJobService"
217-->[androidx.work:work-runtime:2.7.0] AndroidManifest.xml:48:13-84
218            android:directBootAware="false"
218-->[androidx.work:work-runtime:2.7.0] AndroidManifest.xml:49:13-44
219            android:enabled="@bool/enable_system_job_service_default"
219-->[androidx.work:work-runtime:2.7.0] AndroidManifest.xml:50:13-70
220            android:exported="true"
220-->[androidx.work:work-runtime:2.7.0] AndroidManifest.xml:51:13-36
221            android:permission="android.permission.BIND_JOB_SERVICE" />
221-->[androidx.work:work-runtime:2.7.0] AndroidManifest.xml:52:13-69
222        <service
222-->[androidx.work:work-runtime:2.7.0] AndroidManifest.xml:54:9-59:35
223            android:name="androidx.work.impl.foreground.SystemForegroundService"
223-->[androidx.work:work-runtime:2.7.0] AndroidManifest.xml:55:13-81
224            android:directBootAware="false"
224-->[androidx.work:work-runtime:2.7.0] AndroidManifest.xml:56:13-44
225            android:enabled="@bool/enable_system_foreground_service_default"
225-->[androidx.work:work-runtime:2.7.0] AndroidManifest.xml:57:13-77
226            android:exported="false" />
226-->[androidx.work:work-runtime:2.7.0] AndroidManifest.xml:58:13-37
227
228        <receiver
228-->[androidx.work:work-runtime:2.7.0] AndroidManifest.xml:61:9-66:35
229            android:name="androidx.work.impl.utils.ForceStopRunnable$BroadcastReceiver"
229-->[androidx.work:work-runtime:2.7.0] AndroidManifest.xml:62:13-88
230            android:directBootAware="false"
230-->[androidx.work:work-runtime:2.7.0] AndroidManifest.xml:63:13-44
231            android:enabled="true"
231-->[androidx.work:work-runtime:2.7.0] AndroidManifest.xml:64:13-35
232            android:exported="false" />
232-->[androidx.work:work-runtime:2.7.0] AndroidManifest.xml:65:13-37
233        <receiver
233-->[androidx.work:work-runtime:2.7.0] AndroidManifest.xml:67:9-77:20
234            android:name="androidx.work.impl.background.systemalarm.ConstraintProxy$BatteryChargingProxy"
234-->[androidx.work:work-runtime:2.7.0] AndroidManifest.xml:68:13-106
235            android:directBootAware="false"
235-->[androidx.work:work-runtime:2.7.0] AndroidManifest.xml:69:13-44
236            android:enabled="false"
236-->[androidx.work:work-runtime:2.7.0] AndroidManifest.xml:70:13-36
237            android:exported="false" >
237-->[androidx.work:work-runtime:2.7.0] AndroidManifest.xml:71:13-37
238            <intent-filter>
238-->[androidx.work:work-runtime:2.7.0] AndroidManifest.xml:73:13-76:29
239                <action android:name="android.intent.action.ACTION_POWER_CONNECTED" />
239-->[androidx.work:work-runtime:2.7.0] AndroidManifest.xml:74:17-87
239-->[androidx.work:work-runtime:2.7.0] AndroidManifest.xml:74:25-84
240                <action android:name="android.intent.action.ACTION_POWER_DISCONNECTED" />
240-->[androidx.work:work-runtime:2.7.0] AndroidManifest.xml:75:17-90
240-->[androidx.work:work-runtime:2.7.0] AndroidManifest.xml:75:25-87
241            </intent-filter>
242        </receiver>
243        <receiver
243-->[androidx.work:work-runtime:2.7.0] AndroidManifest.xml:78:9-88:20
244            android:name="androidx.work.impl.background.systemalarm.ConstraintProxy$BatteryNotLowProxy"
244-->[androidx.work:work-runtime:2.7.0] AndroidManifest.xml:79:13-104
245            android:directBootAware="false"
245-->[androidx.work:work-runtime:2.7.0] AndroidManifest.xml:80:13-44
246            android:enabled="false"
246-->[androidx.work:work-runtime:2.7.0] AndroidManifest.xml:81:13-36
247            android:exported="false" >
247-->[androidx.work:work-runtime:2.7.0] AndroidManifest.xml:82:13-37
248            <intent-filter>
248-->[androidx.work:work-runtime:2.7.0] AndroidManifest.xml:84:13-87:29
249                <action android:name="android.intent.action.BATTERY_OKAY" />
249-->[androidx.work:work-runtime:2.7.0] AndroidManifest.xml:85:17-77
249-->[androidx.work:work-runtime:2.7.0] AndroidManifest.xml:85:25-74
250                <action android:name="android.intent.action.BATTERY_LOW" />
250-->[androidx.work:work-runtime:2.7.0] AndroidManifest.xml:86:17-76
250-->[androidx.work:work-runtime:2.7.0] AndroidManifest.xml:86:25-73
251            </intent-filter>
252        </receiver>
253        <receiver
253-->[androidx.work:work-runtime:2.7.0] AndroidManifest.xml:89:9-99:20
254            android:name="androidx.work.impl.background.systemalarm.ConstraintProxy$StorageNotLowProxy"
254-->[androidx.work:work-runtime:2.7.0] AndroidManifest.xml:90:13-104
255            android:directBootAware="false"
255-->[androidx.work:work-runtime:2.7.0] AndroidManifest.xml:91:13-44
256            android:enabled="false"
256-->[androidx.work:work-runtime:2.7.0] AndroidManifest.xml:92:13-36
257            android:exported="false" >
257-->[androidx.work:work-runtime:2.7.0] AndroidManifest.xml:93:13-37
258            <intent-filter>
258-->[androidx.work:work-runtime:2.7.0] AndroidManifest.xml:95:13-98:29
259                <action android:name="android.intent.action.DEVICE_STORAGE_LOW" />
259-->[androidx.work:work-runtime:2.7.0] AndroidManifest.xml:96:17-83